<?xml version="1.0" encoding="UTF-8"?>
<!-- Generated by org.testng.reporters.JUnitXMLReporter -->
<testsuite ignored="0" hostname="VASANTH" failures="1" tests="1" name="LoginVerification" time="0.964" errors="0" timestamp="2023-02-07T00:56:51 IST">
  <testcase classname="login.Login_Test" name="loginValidation" time="0.0">
    <failure type="org.testng.TestNGException" message="
Data Provider public java.lang.String[][] login.Login_Test.loginDataProvide() throws java.io.IOException returned a null value">
      <![CDATA[org.testng.TestNGException: 
Data Provider public java.lang.String[][] login.Login_Test.loginDataProvide() throws java.io.IOException returned a null value
at java.base/java.util.ArrayList.forEach(ArrayList.java:1511)
... Removed 24 stack frames]]>
    </failure>
  </testcase> <!-- loginValidation -->
</testsuite> <!-- LoginVerification -->
